<?xml version="1.0" encoding="UTF-8"?>
<!-- Generated by org.testng.reporters.JUnitReportReporter -->
<testsuite hostname="DESKTOP-8OTI7EM" failures="0" tests="1" name="com.learning.testcases.LoginCRMTestcase" time="5.466" errors="0" timestamp="2021-05-28T13:48:19 IST" skipped="0">
  <testcase classname="com.learning.testcases.LoginCRMTestcase" name="loginApp" time="5.466"/>
  <system-out/>
</testsuite> <!-- com.learning.testcases.LoginCRMTestcase -->
