<?xml version="1.0" encoding="UTF-8"?>
<!-- Generated by org.testng.reporters.JUnitReportReporter -->
<testsuite hostname="DESKTOP-8OTI7EM" failures="0" tests="1" name="com.learning.testcases.LoginCRMTestcase" time="13.419" errors="0" timestamp="2021-05-27T15:28:29 IST" skipped="0">
  <testcase classname="com.learning.testcases.LoginCRMTestcase" name="loginApp" time="13.419"/>
  <system-out/>
</testsuite> <!-- com.learning.testcases.LoginCRMTestcase -->
